<?xml version="1.0" encoding="UTF-8"?>
<!-- Generated by org.testng.reporters.JUnitReportReporter -->
<testsuite hostname="DESKTOP-11U9QCA" failures="0" tests="1" name="test.Projcttest" time="36.298" errors="0" timestamp="2023-12-14T08:58:51 PST" skipped="0">
  <testcase classname="test.Projcttest" name="test" time="36.298"/>
  <system-out/>
</testsuite> <!-- test.Projcttest -->
